<?xml version="1.0" encoding="UTF-8"?>
<!-- Generated by org.testng.reporters.JUnitXMLReporter -->
<testsuite ignored="1" hostname="DESKTOP-F4PMV4Q" failures="1" tests="4" name="Default test" time="10.793" errors="0" timestamp="23 Jan 2022 03:50:01 GMT">
  <testcase classname="com.flipkart.stepdefinition.MobilePurchase" name="loginValidation" time="0.205"/>
  <testcase classname="com.flipkart.stepdefinition.MobilePurchase" name="mobileSearch" time="3.552"/>
  <testcase classname="com.flipkart.stepdefinition.MobilePurchase" name="windowsHandling" time="2.027"/>
  <testcase classname="com.flipkart.stepdefinition.MobilePurchase" name="buyNow" time="0.12">
    <failure type="java.lang.AssertionError" message="expected [APPLE iPhone 12 (Black, 64 GB)] but found [realme Narzo 50A (Oxygen Green, 128 GB)  (4 GB RAM)]">
      <![CDATA[java.lang.AssertionError: expected [APPLE iPhone 12 (Black, 64 GB)] but found [realme Narzo 50A (Oxygen Green, 128 GB)  (4 GB RAM)]at org.testng.Assert.fail(Assert.java:96)at org.testng.Assert.failNotEquals(Assert.java:776)at org.testng.Assert.assertEqualsImpl(Assert.java:137)at org.testng.Assert.assertEquals(Assert.java:118)at org.testng.Assert.assertEquals(Assert.java:453)at org.testng.Assert.assertEquals(Assert.java:463)at com.flipkart.stepdefinition.MobilePurchase.buyNow(MobilePurchase.java:152)at java.base/jdk.internal.reflect.NativeMethodAccessorImpl.invoke0(Native Method)at java.base/jdk.internal.reflect.NativeMethodAccessorImpl.invoke(NativeMethodAccessorImpl.java:77)at java.base/jdk.internal.reflect.DelegatingMethodAccessorImpl.invoke(DelegatingMethodAccessorImpl.java:43)at java.base/java.lang.reflect.Method.invoke(Method.java:568)at org.testng.internal.MethodInvocationHelper.invokeMethod(MethodInvocationHelper.java:124)at org.testng.internal.Invoker.invokeMethod(Invoker.java:571)at org.testng.internal.Invoker.invokeTestMethod(Invoker.java:707)at org.testng.internal.Invoker.invokeTestMethods(Invoker.java:979)at org.testng.internal.TestMethodWorker.invokeTestMethods(TestMethodWorker.java:125)at org.testng.internal.TestMethodWorker.run(TestMethodWorker.java:109)at org.testng.TestRunner.privateRun(TestRunner.java:648)at org.testng.TestRunner.run(TestRunner.java:505)at org.testng.SuiteRunner.runTest(SuiteRunner.java:455)at org.testng.SuiteRunner.runSequentially(SuiteRunner.java:450)at org.testng.SuiteRunner.privateRun(SuiteRunner.java:415)at org.testng.SuiteRunner.run(SuiteRunner.java:364)at org.testng.SuiteRunnerWorker.runSuite(SuiteRunnerWorker.java:52)at org.testng.SuiteRunnerWorker.run(SuiteRunnerWorker.java:84)at org.testng.TestNG.runSuitesSequentially(TestNG.java:1187)at org.testng.TestNG.runSuitesLocally(TestNG.java:1116)at org.testng.TestNG.runSuites(TestNG.java:1028)at org.testng.TestNG.run(TestNG.java:996)at org.testng.remote.AbstractRemoteTestNG.run(AbstractRemoteTestNG.java:115)at org.testng.remote.RemoteTestNG.initAndRun(RemoteTestNG.java:251)at org.testng.remote.RemoteTestNG.main(RemoteTestNG.java:77)]]>
    </failure>
  </testcase> <!-- buyNow -->
  <testcase classname="com.flipkart.stepdefinition.MobilePurchase" name="screenShot" time="0.0">
    <ignored/>
  </testcase> <!-- screenShot -->
</testsuite> <!-- Default test -->
